0 info it worked if it ends with ok
1 verbose cli [ '/usr/local/Cellar/node/6.5.0/bin/node',
1 verbose cli   '/usr/local/bin/npm',
1 verbose cli   'install',
1 verbose cli   'cocoen',
1 verbose cli   '--save' ]
2 info using npm@3.10.7
3 info using node@v6.5.0
4 silly loadCurrentTree Starting
5 silly install loadCurrentTree
6 silly install readLocalPackageData
7 silly fetchPackageMetaData cocoen
8 silly fetchNamedPackageData cocoen
9 silly mapToRegistry name cocoen
10 silly mapToRegistry using default registry
11 silly mapToRegistry registry https://registry.npmjs.org/
12 silly mapToRegistry data Result {
12 silly mapToRegistry   raw: 'cocoen',
12 silly mapToRegistry   scope: null,
12 silly mapToRegistry   escapedName: 'cocoen',
12 silly mapToRegistry   name: 'cocoen',
12 silly mapToRegistry   rawSpec: '',
12 silly mapToRegistry   spec: 'latest',
12 silly mapToRegistry   type: 'tag' }
13 silly mapToRegistry uri https://registry.npmjs.org/cocoen
14 verbose request uri https://registry.npmjs.org/cocoen
15 verbose request no auth needed
16 info attempt registry request try #1 at 10:00:00 PM
17 verbose request id b69601dda9e54c84
18 http request GET https://registry.npmjs.org/cocoen
19 http 200 https://registry.npmjs.org/cocoen
20 verbose headers { server: 'CouchDB/1.5.0 (Erlang OTP/R16B03)',
20 verbose headers   etag: '"BOMYTQQ778S3E11A99KQAW4JB"',
20 verbose headers   'content-type': 'application/json',
20 verbose headers   'content-encoding': 'gzip',
20 verbose headers   'cache-control': 'max-age=300',
20 verbose headers   'content-length': '1799',
20 verbose headers   'accept-ranges': 'bytes',
20 verbose headers   date: 'Thu, 03 Nov 2016 02:00:01 GMT',
20 verbose headers   via: '1.1 varnish',
20 verbose headers   age: '0',
20 verbose headers   connection: 'keep-alive',
20 verbose headers   'x-served-by': 'cache-bos8227-BOS',
20 verbose headers   'x-cache': 'MISS',
20 verbose headers   'x-cache-hits': '0',
20 verbose headers   'x-timer': 'S1478138401.054172,VS0,VE157',
20 verbose headers   vary: 'Accept-Encoding' }
21 silly get cb [ 200,
21 silly get   { server: 'CouchDB/1.5.0 (Erlang OTP/R16B03)',
21 silly get     etag: '"BOMYTQQ778S3E11A99KQAW4JB"',
21 silly get     'content-type': 'application/json',
21 silly get     'content-encoding': 'gzip',
21 silly get     'cache-control': 'max-age=300',
21 silly get     'content-length': '1799',
21 silly get     'accept-ranges': 'bytes',
21 silly get     date: 'Thu, 03 Nov 2016 02:00:01 GMT',
21 silly get     via: '1.1 varnish',
21 silly get     age: '0',
21 silly get     connection: 'keep-alive',
21 silly get     'x-served-by': 'cache-bos8227-BOS',
21 silly get     'x-cache': 'MISS',
21 silly get     'x-cache-hits': '0',
21 silly get     'x-timer': 'S1478138401.054172,VS0,VE157',
21 silly get     vary: 'Accept-Encoding' } ]
22 verbose get saving cocoen to /Users/adamberkowitz/.npm/registry.npmjs.org/cocoen/.cache.json
23 verbose correctMkdir /Users/adamberkowitz/.npm correctMkdir not in flight; initializing
24 silly install normalizeTree
25 silly loadCurrentTree Finishing
26 silly loadIdealTree Starting
27 silly install loadIdealTree
28 silly cloneCurrentTree Starting
29 silly install cloneCurrentTreeToIdealTree
30 silly cloneCurrentTree Finishing
31 silly loadShrinkwrap Starting
32 silly install loadShrinkwrap
33 silly loadShrinkwrap Finishing
34 silly loadAllDepsIntoIdealTree Starting
35 silly install loadAllDepsIntoIdealTree
36 silly resolveWithNewModule cocoen@1.3.0 checking installable status
37 silly cache add args [ 'cocoen', null ]
38 verbose cache add spec cocoen
39 silly cache add parsed spec Result {
39 silly cache add   raw: 'cocoen',
39 silly cache add   scope: null,
39 silly cache add   escapedName: 'cocoen',
39 silly cache add   name: 'cocoen',
39 silly cache add   rawSpec: '',
39 silly cache add   spec: 'latest',
39 silly cache add   type: 'tag' }
40 silly addNamed cocoen@latest
41 verbose addNamed "latest" is being treated as a dist-tag for cocoen
42 info addNameTag [ 'cocoen', 'latest' ]
43 silly mapToRegistry name cocoen
44 silly mapToRegistry using default registry
45 silly mapToRegistry registry https://registry.npmjs.org/
46 silly mapToRegistry data Result {
46 silly mapToRegistry   raw: 'cocoen',
46 silly mapToRegistry   scope: null,
46 silly mapToRegistry   escapedName: 'cocoen',
46 silly mapToRegistry   name: 'cocoen',
46 silly mapToRegistry   rawSpec: '',
46 silly mapToRegistry   spec: 'latest',
46 silly mapToRegistry   type: 'tag' }
47 silly mapToRegistry uri https://registry.npmjs.org/cocoen
48 verbose addNameTag registry:https://registry.npmjs.org/cocoen not in flight; fetching
49 verbose get https://registry.npmjs.org/cocoen not expired, no request
50 silly addNameTag next cb for cocoen with tag latest
51 silly addNamed cocoen@1.3.0
52 verbose addNamed "1.3.0" is a plain semver version for cocoen
53 silly mapToRegistry name cocoen
54 silly mapToRegistry using default registry
55 silly mapToRegistry registry https://registry.npmjs.org/
56 silly mapToRegistry data Result {
56 silly mapToRegistry   raw: 'cocoen',
56 silly mapToRegistry   scope: null,
56 silly mapToRegistry   escapedName: 'cocoen',
56 silly mapToRegistry   name: 'cocoen',
56 silly mapToRegistry   rawSpec: '',
56 silly mapToRegistry   spec: 'latest',
56 silly mapToRegistry   type: 'tag' }
57 silly mapToRegistry uri https://registry.npmjs.org/cocoen
58 verbose addRemoteTarball https://registry.npmjs.org/cocoen/-/cocoen-1.3.0.tgz not in flight; adding
59 verbose addRemoteTarball [ 'https://registry.npmjs.org/cocoen/-/cocoen-1.3.0.tgz',
59 verbose addRemoteTarball   '1977ba5bb321fd275bb25aedca4606ec1a7f9e7e' ]
60 info retry fetch attempt 1 at 10:00:03 PM
61 info attempt registry request try #1 at 10:00:03 PM
62 http fetch GET https://registry.npmjs.org/cocoen/-/cocoen-1.3.0.tgz
63 http fetch 200 https://registry.npmjs.org/cocoen/-/cocoen-1.3.0.tgz
64 silly fetchAndShaCheck shasum 1977ba5bb321fd275bb25aedca4606ec1a7f9e7e
65 verbose addTmpTarball /var/folders/rg/mljxslh16pz76jxjbwfk01880000gn/T/npm-2235-c038bb53/registry.npmjs.org/cocoen/-/cocoen-1.3.0.tgz not in flight; adding
66 verbose addTmpTarball already have metadata; skipping unpack for cocoen@1.3.0
67 verbose correctMkdir /Users/adamberkowitz/.npm correctMkdir not in flight; initializing
68 silly cache afterAdd cocoen@1.3.0
69 verbose afterAdd /Users/adamberkowitz/.npm/cocoen/1.3.0/package/package.json not in flight; writing
70 verbose correctMkdir /Users/adamberkowitz/.npm correctMkdir not in flight; initializing
71 verbose afterAdd /Users/adamberkowitz/.npm/cocoen/1.3.0/package/package.json written
72 silly fetchNamedPackageData jquery
73 silly mapToRegistry name jquery
74 silly mapToRegistry using default registry
75 silly mapToRegistry registry https://registry.npmjs.org/
76 silly mapToRegistry data Result {
76 silly mapToRegistry   raw: 'jquery',
76 silly mapToRegistry   scope: null,
76 silly mapToRegistry   escapedName: 'jquery',
76 silly mapToRegistry   name: 'jquery',
76 silly mapToRegistry   rawSpec: '',
76 silly mapToRegistry   spec: 'latest',
76 silly mapToRegistry   type: 'tag' }
77 silly mapToRegistry uri https://registry.npmjs.org/jquery
78 silly fetchNamedPackageData requestAnimationFrame
79 silly mapToRegistry name requestAnimationFrame
80 silly mapToRegistry using default registry
81 silly mapToRegistry registry https://registry.npmjs.org/
82 silly mapToRegistry data Result {
82 silly mapToRegistry   raw: 'requestAnimationFrame',
82 silly mapToRegistry   scope: null,
82 silly mapToRegistry   escapedName: 'requestAnimationFrame',
82 silly mapToRegistry   name: 'requestAnimationFrame',
82 silly mapToRegistry   rawSpec: '',
82 silly mapToRegistry   spec: 'latest',
82 silly mapToRegistry   type: 'tag' }
83 silly mapToRegistry uri https://registry.npmjs.org/requestAnimationFrame
84 verbose request uri https://registry.npmjs.org/requestAnimationFrame
85 verbose request no auth needed
86 info attempt registry request try #1 at 10:00:05 PM
87 http request GET https://registry.npmjs.org/requestAnimationFrame
88 verbose request uri https://registry.npmjs.org/jquery
89 verbose request no auth needed
90 info attempt registry request try #1 at 10:00:05 PM
91 verbose etag "EJ8V1TW1TV4RPDWH6386EPOU5"
92 http request GET https://registry.npmjs.org/jquery
93 http 200 https://registry.npmjs.org/jquery
94 verbose headers { server: 'CouchDB/1.5.0 (Erlang OTP/R16B03)',
94 verbose headers   etag: '"1Z6PBVWIEQSC55JY5B6LY5NMU"',
94 verbose headers   'content-type': 'application/json',
94 verbose headers   'content-encoding': 'gzip',
94 verbose headers   'cache-control': 'max-age=300',
94 verbose headers   'content-length': '12054',
94 verbose headers   'accept-ranges': 'bytes',
94 verbose headers   date: 'Thu, 03 Nov 2016 02:00:06 GMT',
94 verbose headers   via: '1.1 varnish',
94 verbose headers   age: '0',
94 verbose headers   connection: 'keep-alive',
94 verbose headers   'x-served-by': 'cache-bos8225-BOS',
94 verbose headers   'x-cache': 'HIT',
94 verbose headers   'x-cache-hits': '1',
94 verbose headers   'x-timer': 'S1478138405.937541,VS0,VE154',
94 verbose headers   vary: 'Accept-Encoding' }
95 silly get cb [ 200,
95 silly get   { server: 'CouchDB/1.5.0 (Erlang OTP/R16B03)',
95 silly get     etag: '"1Z6PBVWIEQSC55JY5B6LY5NMU"',
95 silly get     'content-type': 'application/json',
95 silly get     'content-encoding': 'gzip',
95 silly get     'cache-control': 'max-age=300',
95 silly get     'content-length': '12054',
95 silly get     'accept-ranges': 'bytes',
95 silly get     date: 'Thu, 03 Nov 2016 02:00:06 GMT',
95 silly get     via: '1.1 varnish',
95 silly get     age: '0',
95 silly get     connection: 'keep-alive',
95 silly get     'x-served-by': 'cache-bos8225-BOS',
95 silly get     'x-cache': 'HIT',
95 silly get     'x-cache-hits': '1',
95 silly get     'x-timer': 'S1478138405.937541,VS0,VE154',
95 silly get     vary: 'Accept-Encoding' } ]
96 verbose get saving jquery to /Users/adamberkowitz/.npm/registry.npmjs.org/jquery/.cache.json
97 verbose correctMkdir /Users/adamberkowitz/.npm correctMkdir not in flight; initializing
98 silly resolveWithNewModule jquery@2.1.4 checking installable status
99 silly cache add args [ 'jquery@~2.1.4', null ]
100 verbose cache add spec jquery@~2.1.4
101 silly cache add parsed spec Result {
101 silly cache add   raw: 'jquery@~2.1.4',
101 silly cache add   scope: null,
101 silly cache add   escapedName: 'jquery',
101 silly cache add   name: 'jquery',
101 silly cache add   rawSpec: '~2.1.4',
101 silly cache add   spec: '>=2.1.4 <2.2.0',
101 silly cache add   type: 'range' }
102 silly addNamed jquery@>=2.1.4 <2.2.0
103 verbose addNamed ">=2.1.4 <2.2.0" is a valid semver range for jquery
104 silly addNameRange { name: 'jquery', range: '>=2.1.4 <2.2.0', hasData: false }
105 silly mapToRegistry name jquery
106 silly mapToRegistry using default registry
107 silly mapToRegistry registry https://registry.npmjs.org/
108 silly mapToRegistry data Result {
108 silly mapToRegistry   raw: 'jquery',
108 silly mapToRegistry   scope: null,
108 silly mapToRegistry   escapedName: 'jquery',
108 silly mapToRegistry   name: 'jquery',
108 silly mapToRegistry   rawSpec: '',
108 silly mapToRegistry   spec: 'latest',
108 silly mapToRegistry   type: 'tag' }
109 silly mapToRegistry uri https://registry.npmjs.org/jquery
110 verbose addNameRange registry:https://registry.npmjs.org/jquery not in flight; fetching
111 verbose get https://registry.npmjs.org/jquery not expired, no request
112 silly addNameRange number 2 { name: 'jquery', range: '>=2.1.4 <2.2.0', hasData: true }
113 silly addNameRange versions [ 'jquery',
113 silly addNameRange   [ '1.5.1',
113 silly addNameRange     '1.6.2',
113 silly addNameRange     '1.6.3',
113 silly addNameRange     '1.7.2',
113 silly addNameRange     '1.7.3',
113 silly addNameRange     '1.8.2',
113 silly addNameRange     '1.8.3',
113 silly addNameRange     '2.1.0-beta2',
113 silly addNameRange     '2.1.0-beta3',
113 silly addNameRange     '1.11.0-beta3',
113 silly addNameRange     '1.11.0-rc1',
113 silly addNameRange     '2.1.0-rc1',
113 silly addNameRange     '1.11.0',
113 silly addNameRange     '2.1.0',
113 silly addNameRange     '2.1.1-beta1',
113 silly addNameRange     '1.11.1-beta1',
113 silly addNameRange     '2.1.1-rc1',
113 silly addNameRange     '1.11.1-rc1',
113 silly addNameRange     '2.1.1-rc2',
113 silly addNameRange     '1.11.1-rc2',
113 silly addNameRange     '2.1.1',
113 silly addNameRange     '1.11.1',
113 silly addNameRange     '1.9.1',
113 silly addNameRange     '2.1.2',
113 silly addNameRange     '1.11.2',
113 silly addNameRange     '2.1.3',
113 silly addNameRange     '2.1.4',
113 silly addNameRange     '1.11.3',
113 silly addNameRange     '3.0.0-alpha1',
113 silly addNameRange     '1.12.0',
113 silly addNameRange     '2.2.0',
113 silly addNameRange     '3.0.0-beta1',
113 silly addNameRange     '1.12.1',
113 silly addNameRange     '2.2.1',
113 silly addNameRange     '1.12.2',
113 silly addNameRange     '2.2.2',
113 silly addNameRange     '1.12.3',
113 silly addNameRange     '2.2.3',
113 silly addNameRange     '1.12.4',
113 silly addNameRange     '2.2.4',
113 silly addNameRange     '3.0.0-rc1',
113 silly addNameRange     '3.0.0',
113 silly addNameRange     '3.1.0',
113 silly addNameRange     '3.1.1' ] ]
114 silly addNamed jquery@2.1.4
115 verbose addNamed "2.1.4" is a plain semver version for jquery
116 silly mapToRegistry name jquery
117 silly mapToRegistry using default registry
118 silly mapToRegistry registry https://registry.npmjs.org/
119 silly mapToRegistry data Result {
119 silly mapToRegistry   raw: 'jquery',
119 silly mapToRegistry   scope: null,
119 silly mapToRegistry   escapedName: 'jquery',
119 silly mapToRegistry   name: 'jquery',
119 silly mapToRegistry   rawSpec: '',
119 silly mapToRegistry   spec: 'latest',
119 silly mapToRegistry   type: 'tag' }
120 silly mapToRegistry uri https://registry.npmjs.org/jquery
121 verbose addRemoteTarball https://registry.npmjs.org/jquery/-/jquery-2.1.4.tgz not in flight; adding
122 verbose addRemoteTarball [ 'https://registry.npmjs.org/jquery/-/jquery-2.1.4.tgz',
122 verbose addRemoteTarball   '228bde698a0c61431dc2630a6a154f15890d2317' ]
123 info retry fetch attempt 1 at 10:00:06 PM
124 info attempt registry request try #1 at 10:00:06 PM
125 http fetch GET https://registry.npmjs.org/jquery/-/jquery-2.1.4.tgz
126 http fetch 200 https://registry.npmjs.org/jquery/-/jquery-2.1.4.tgz
127 http 404 https://registry.npmjs.org/requestAnimationFrame
128 verbose headers { 'content-type': 'application/json',
128 verbose headers   'cache-control': 'max-age=0',
128 verbose headers   'content-length': '2',
128 verbose headers   'accept-ranges': 'bytes',
128 verbose headers   date: 'Thu, 03 Nov 2016 02:00:06 GMT',
128 verbose headers   via: '1.1 varnish',
128 verbose headers   age: '0',
128 verbose headers   connection: 'keep-alive',
128 verbose headers   'x-served-by': 'cache-bos8227-BOS',
128 verbose headers   'x-cache': 'MISS',
128 verbose headers   'x-cache-hits': '0',
128 verbose headers   'x-timer': 'S1478138405.885276,VS0,VE426',
128 verbose headers   vary: 'Accept-Encoding' }
129 silly get cb [ 404,
129 silly get   { 'content-type': 'application/json',
129 silly get     'cache-control': 'max-age=0',
129 silly get     'content-length': '2',
129 silly get     'accept-ranges': 'bytes',
129 silly get     date: 'Thu, 03 Nov 2016 02:00:06 GMT',
129 silly get     via: '1.1 varnish',
129 silly get     age: '0',
129 silly get     connection: 'keep-alive',
129 silly get     'x-served-by': 'cache-bos8227-BOS',
129 silly get     'x-cache': 'MISS',
129 silly get     'x-cache-hits': '0',
129 silly get     'x-timer': 'S1478138405.885276,VS0,VE426',
129 silly get     vary: 'Accept-Encoding' } ]
130 silly fetchPackageMetaData Error: Registry returned 404 for GET on https://registry.npmjs.org/requestAnimationFrame
130 silly fetchPackageMetaData     at makeError (/usr/local/lib/node_modules/npm/node_modules/npm-registry-client/lib/request.js:264:12)
130 silly fetchPackageMetaData     at CachingRegistryClient.<anonymous> (/usr/local/lib/node_modules/npm/node_modules/npm-registry-client/lib/request.js:242:14)
130 silly fetchPackageMetaData     at Request._callback (/usr/local/lib/node_modules/npm/node_modules/npm-registry-client/lib/request.js:172:14)
130 silly fetchPackageMetaData     at Request.self.callback (/usr/local/lib/node_modules/npm/node_modules/request/request.js:187:22)
130 silly fetchPackageMetaData     at emitTwo (events.js:106:13)
130 silly fetchPackageMetaData     at Request.emit (events.js:191:7)
130 silly fetchPackageMetaData     at Request.<anonymous> (/usr/local/lib/node_modules/npm/node_modules/request/request.js:1044:10)
130 silly fetchPackageMetaData     at emitOne (events.js:96:13)
130 silly fetchPackageMetaData     at Request.emit (events.js:188:7)
130 silly fetchPackageMetaData     at IncomingMessage.<anonymous> (/usr/local/lib/node_modules/npm/node_modules/request/request.js:965:12)
130 silly fetchPackageMetaData  error for requestAnimationFrame@~0.0.23 { Error: Registry returned 404 for GET on https://registry.npmjs.org/requestAnimationFrame
130 silly fetchPackageMetaData     at makeError (/usr/local/lib/node_modules/npm/node_modules/npm-registry-client/lib/request.js:264:12)
130 silly fetchPackageMetaData     at CachingRegistryClient.<anonymous> (/usr/local/lib/node_modules/npm/node_modules/npm-registry-client/lib/request.js:242:14)
130 silly fetchPackageMetaData     at Request._callback (/usr/local/lib/node_modules/npm/node_modules/npm-registry-client/lib/request.js:172:14)
130 silly fetchPackageMetaData     at Request.self.callback (/usr/local/lib/node_modules/npm/node_modules/request/request.js:187:22)
130 silly fetchPackageMetaData     at emitTwo (events.js:106:13)
130 silly fetchPackageMetaData     at Request.emit (events.js:191:7)
130 silly fetchPackageMetaData     at Request.<anonymous> (/usr/local/lib/node_modules/npm/node_modules/request/request.js:1044:10)
130 silly fetchPackageMetaData     at emitOne (events.js:96:13)
130 silly fetchPackageMetaData     at Request.emit (events.js:188:7)
130 silly fetchPackageMetaData     at IncomingMessage.<anonymous> (/usr/local/lib/node_modules/npm/node_modules/request/request.js:965:12) pkgid: 'requestAnimationFrame', statusCode: 404, code: 'E404' }
131 silly fetchAndShaCheck shasum 228bde698a0c61431dc2630a6a154f15890d2317
132 verbose addTmpTarball /var/folders/rg/mljxslh16pz76jxjbwfk01880000gn/T/npm-2235-c038bb53/registry.npmjs.org/jquery/-/jquery-2.1.4.tgz not in flight; adding
133 verbose addTmpTarball already have metadata; skipping unpack for jquery@2.1.4
134 verbose correctMkdir /Users/adamberkowitz/.npm correctMkdir not in flight; initializing
135 silly cache afterAdd jquery@2.1.4
136 verbose afterAdd /Users/adamberkowitz/.npm/jquery/2.1.4/package/package.json not in flight; writing
137 verbose correctMkdir /Users/adamberkowitz/.npm correctMkdir not in flight; initializing
138 verbose afterAdd /Users/adamberkowitz/.npm/jquery/2.1.4/package/package.json written
139 silly rollbackFailedOptional Starting
140 silly rollbackFailedOptional Finishing
141 silly runTopLevelLifecycles Finishing
142 silly install printInstalled
143 verbose stack Error: Registry returned 404 for GET on https://registry.npmjs.org/requestAnimationFrame
143 verbose stack     at makeError (/usr/local/lib/node_modules/npm/node_modules/npm-registry-client/lib/request.js:264:12)
143 verbose stack     at CachingRegistryClient.<anonymous> (/usr/local/lib/node_modules/npm/node_modules/npm-registry-client/lib/request.js:242:14)
143 verbose stack     at Request._callback (/usr/local/lib/node_modules/npm/node_modules/npm-registry-client/lib/request.js:172:14)
143 verbose stack     at Request.self.callback (/usr/local/lib/node_modules/npm/node_modules/request/request.js:187:22)
143 verbose stack     at emitTwo (events.js:106:13)
143 verbose stack     at Request.emit (events.js:191:7)
143 verbose stack     at Request.<anonymous> (/usr/local/lib/node_modules/npm/node_modules/request/request.js:1044:10)
143 verbose stack     at emitOne (events.js:96:13)
143 verbose stack     at Request.emit (events.js:188:7)
143 verbose stack     at IncomingMessage.<anonymous> (/usr/local/lib/node_modules/npm/node_modules/request/request.js:965:12)
144 verbose statusCode 404
145 verbose pkgid requestAnimationFrame
146 verbose cwd /Users/adamberkowitz/Projects/portfolio-v2
147 error Darwin 13.4.0
148 error argv "/usr/local/Cellar/node/6.5.0/bin/node" "/usr/local/bin/npm" "install" "cocoen" "--save"
149 error node v6.5.0
150 error npm  v3.10.7
151 error code E404
152 error 404 Registry returned 404 for GET on https://registry.npmjs.org/requestAnimationFrame
153 error 404
154 error 404 'requestAnimationFrame' is not in the npm registry.
155 error 404 Your package name is not valid, because
156 error 404 1. name can no longer contain capital letters
157 error 404 It was specified as a dependency of 'cocoen'
158 error 404 Note that you can also install from a
159 error 404 tarball, folder, http url, or git url.
160 verbose exit [ 1, true ]
